{"level":"info","message":"Maestro 23088 iniciado","timestamp":"2025-04-15T14:24:01.937Z"}
{"level":"info","message":"Worker 19316 corriendo en http://localhost:3000","timestamp":"2025-04-15T14:24:03.578Z"}
{"level":"info","message":"Worker 16328 corriendo en http://localhost:3000","timestamp":"2025-04-15T14:24:03.556Z"}
{"level":"info","message":"Worker 15312 corriendo en http://localhost:3000","timestamp":"2025-04-15T14:24:03.625Z"}
{"level":"info","message":"Worker 23096 corriendo en http://localhost:3000","timestamp":"2025-04-15T14:24:03.634Z"}
{"level":"info","message":"Worker 4124 corriendo en http://localhost:3000","timestamp":"2025-04-15T14:24:03.628Z"}
{"level":"info","message":"Worker 3208 corriendo en http://localhost:3000","timestamp":"2025-04-15T14:24:03.716Z"}
{"level":"info","message":"Worker 5796 corriendo en http://localhost:3000","timestamp":"2025-04-15T14:24:03.779Z"}
{"level":"info","message":"Worker 5820 corriendo en http://localhost:3000","timestamp":"2025-04-15T14:24:03.849Z"}
{"level":"info","message":"Nuevo cliente conectado","socketId":"B--IPnJ6JhF4eLGQAAAB","timestamp":"2025-04-15T14:26:30.073Z"}
{"level":"info","message":"Mensaje del cliente recibido hey","timestamp":"2025-04-15T14:26:50.022Z"}
{"level":"info","message":"Maestro 21220 iniciado","timestamp":"2025-04-15T15:09:33.332Z"}
{"level":"info","message":"Worker 16688 corriendo en http://localhost:3000","timestamp":"2025-04-15T15:09:34.475Z"}
{"level":"info","message":"Worker 13420 corriendo en http://localhost:3000","timestamp":"2025-04-15T15:09:34.471Z"}
{"level":"info","message":"Worker 12720 corriendo en http://localhost:3000","timestamp":"2025-04-15T15:09:34.488Z"}
{"level":"info","message":"Worker 11556 corriendo en http://localhost:3000","timestamp":"2025-04-15T15:09:34.493Z"}
{"level":"info","message":"Worker 22840 corriendo en http://localhost:3000","timestamp":"2025-04-15T15:09:34.505Z"}
{"level":"info","message":"Worker 5652 corriendo en http://localhost:3000","timestamp":"2025-04-15T15:09:34.543Z"}
{"level":"info","message":"Worker 3188 corriendo en http://localhost:3000","timestamp":"2025-04-15T15:09:34.611Z"}
{"level":"info","message":"Worker 16084 corriendo en http://localhost:3000","timestamp":"2025-04-15T15:09:34.618Z"}
{"level":"warn","message":"Token inválido","socketId":"q7yg8QOdEzwBhYtgAAAB","timestamp":"2025-04-15T15:09:42.366Z"}
{"level":"info","message":"Maestro 13492 iniciado","timestamp":"2025-04-15T15:09:56.482Z"}
{"level":"info","message":"Worker 14952 corriendo en http://localhost:3000","timestamp":"2025-04-15T15:09:57.201Z"}
{"level":"info","message":"Worker 24784 corriendo en http://localhost:3000","timestamp":"2025-04-15T15:09:57.226Z"}
{"level":"info","message":"Worker 3604 corriendo en http://localhost:3000","timestamp":"2025-04-15T15:09:57.236Z"}
{"level":"info","message":"Worker 4416 corriendo en http://localhost:3000","timestamp":"2025-04-15T15:09:57.251Z"}
{"level":"info","message":"Worker 7572 corriendo en http://localhost:3000","timestamp":"2025-04-15T15:09:57.256Z"}
{"level":"info","message":"Worker 3000 corriendo en http://localhost:3000","timestamp":"2025-04-15T15:09:57.291Z"}
{"level":"info","message":"Worker 4228 corriendo en http://localhost:3000","timestamp":"2025-04-15T15:09:57.305Z"}
{"level":"info","message":"Worker 3104 corriendo en http://localhost:3000","timestamp":"2025-04-15T15:09:57.324Z"}
{"level":"info","message":"Maestro 24312 iniciado","timestamp":"2025-04-15T15:15:28.591Z"}
{"level":"info","message":"Worker 20716 corriendo en http://localhost:3000","timestamp":"2025-04-15T15:15:29.515Z"}
{"level":"info","message":"Worker 15916 corriendo en http://localhost:3000","timestamp":"2025-04-15T15:15:29.544Z"}
{"level":"info","message":"Worker 13736 corriendo en http://localhost:3000","timestamp":"2025-04-15T15:15:29.521Z"}
{"level":"info","message":"Worker 7604 corriendo en http://localhost:3000","timestamp":"2025-04-15T15:15:29.525Z"}
{"level":"info","message":"Worker 19612 corriendo en http://localhost:3000","timestamp":"2025-04-15T15:15:29.577Z"}
{"level":"info","message":"Worker 3648 corriendo en http://localhost:3000","timestamp":"2025-04-15T15:15:29.583Z"}
{"level":"info","message":"Worker 3484 corriendo en http://localhost:3000","timestamp":"2025-04-15T15:15:29.597Z"}
{"level":"info","message":"Worker 9340 corriendo en http://localhost:3000","timestamp":"2025-04-15T15:15:29.614Z"}
{"level":"info","message":"Nuevo cliente conectado","socketId":"3yLco0bqvprf-edEAAAB","timestamp":"2025-04-15T15:17:23.414Z"}
{"level":"info","message":"Mensaje del cliente recibido prueba","timestamp":"2025-04-15T15:17:41.068Z"}
{"level":"info","message":"Mensaje enviado desde consola funciona compa","timestamp":"2025-04-15T15:17:54.918Z"}
{"level":"info","message":"Mensaje del cliente recibido kamen","timestamp":"2025-04-15T15:18:55.362Z"}
{"level":"info","message":"Nuevo cliente conectado","socketId":"bSFbNeFNXuGpIMX9AAAD","timestamp":"2025-04-15T15:19:30.524Z"}
{"level":"info","message":"Mensaje del cliente recibido el nine","timestamp":"2025-04-15T15:19:33.061Z"}
{"level":"info","message":"Mensaje del cliente recibido perdido","timestamp":"2025-04-15T15:19:39.532Z"}
{"level":"info","message":"Mensaje del cliente recibido jajjaa","timestamp":"2025-04-15T15:19:44.199Z"}
{"level":"info","message":"Cliente desconectado","socketId":"bSFbNeFNXuGpIMX9AAAD","timestamp":"2025-04-15T15:19:51.174Z"}
{"level":"info","message":"Cliente desconectado","socketId":"3yLco0bqvprf-edEAAAB","timestamp":"2025-04-15T15:19:52.695Z"}
{"level":"info","message":"Maestro 18752 iniciado","timestamp":"2025-04-15T16:04:23.264Z"}
{"level":"info","message":"Worker 3580 corriendo en http://localhost:3000","timestamp":"2025-04-15T16:04:23.996Z"}
{"level":"info","message":"Worker 11136 corriendo en http://localhost:3000","timestamp":"2025-04-15T16:04:23.991Z"}
{"level":"info","message":"Worker 5040 corriendo en http://localhost:3000","timestamp":"2025-04-15T16:04:24.036Z"}
{"level":"info","message":"Worker 2856 corriendo en http://localhost:3000","timestamp":"2025-04-15T16:04:24.049Z"}
{"level":"info","message":"Worker 15952 corriendo en http://localhost:3000","timestamp":"2025-04-15T16:04:24.050Z"}
{"level":"info","message":"Worker 15468 corriendo en http://localhost:3000","timestamp":"2025-04-15T16:04:24.103Z"}
{"level":"info","message":"Worker 18480 corriendo en http://localhost:3000","timestamp":"2025-04-15T16:04:24.150Z"}
{"level":"info","message":"Worker 3172 corriendo en http://localhost:3000","timestamp":"2025-04-15T16:04:24.189Z"}
{"level":"info","message":"Nuevo cliente conectado","socketId":"st_YLMF4Co158n0BAAAB","timestamp":"2025-04-15T16:08:20.655Z"}
{"level":"info","message":"Mensaje del cliente recibido jsha","timestamp":"2025-04-15T16:08:24.858Z"}
{"level":"info","message":"Mensaje enviado desde consola jaja","timestamp":"2025-04-15T16:08:35.538Z"}
{"level":"info","message":"Mensaje enviado desde consola quien","timestamp":"2025-04-15T16:08:39.054Z"}
{"level":"info","message":"Mensaje enviado desde consola yo","timestamp":"2025-04-15T16:08:41.253Z"}
{"level":"info","message":"Mensaje enviado desde consola as","timestamp":"2025-04-15T16:08:45.663Z"}
{"level":"info","message":"Mensaje enviado desde consola asd","timestamp":"2025-04-15T16:08:46.189Z"}
{"level":"info","message":"Mensaje enviado desde consola ada","timestamp":"2025-04-15T16:08:46.793Z"}
{"level":"info","message":"Mensaje enviado desde consola f","timestamp":"2025-04-15T16:08:47.249Z"}
{"level":"info","message":"Mensaje enviado desde consola sf","timestamp":"2025-04-15T16:08:47.826Z"}
{"level":"info","message":"Mensaje enviado desde consola dh","timestamp":"2025-04-15T16:08:48.470Z"}
{"level":"info","message":"Mensaje enviado desde consola jpa","timestamp":"2025-04-15T16:08:49.237Z"}
{"level":"info","message":"Mensaje enviado desde consola rs","timestamp":"2025-04-15T16:08:50.225Z"}
{"level":"info","message":"Mensaje enviado desde consola apra","timestamp":"2025-04-15T16:08:51.163Z"}
{"level":"info","message":"Mensaje enviado desde consola rpas","timestamp":"2025-04-15T16:08:52.283Z"}
{"level":"info","message":"Mensaje enviado desde consola asdkasd","timestamp":"2025-04-15T16:08:53.356Z"}
{"level":"info","message":"Mensaje enviado desde consola sd","timestamp":"2025-04-15T16:08:53.946Z"}
{"level":"info","message":"Mensaje enviado desde consola sfsdg","timestamp":"2025-04-15T16:08:54.978Z"}
{"level":"info","message":"Mensaje enviado desde consola sdgh","timestamp":"2025-04-15T16:08:55.509Z"}
{"level":"info","message":"Mensaje enviado desde consola dgh","timestamp":"2025-04-15T16:08:55.883Z"}
{"level":"info","message":"Mensaje enviado desde consola fhj","timestamp":"2025-04-15T16:08:56.325Z"}
{"level":"info","message":"Mensaje enviado desde consola fh","timestamp":"2025-04-15T16:08:56.708Z"}
{"level":"info","message":"Mensaje enviado desde consola f","timestamp":"2025-04-15T16:08:57.082Z"}
{"level":"info","message":"Mensaje enviado desde consola f","timestamp":"2025-04-15T16:08:57.293Z"}
{"level":"info","message":"Mensaje enviado desde consola f","timestamp":"2025-04-15T16:08:57.495Z"}
{"level":"info","message":"Mensaje enviado desde consola f","timestamp":"2025-04-15T16:08:57.672Z"}
{"level":"info","message":"Mensaje enviado desde consola f","timestamp":"2025-04-15T16:08:57.883Z"}
{"level":"info","message":"Mensaje enviado desde consola f","timestamp":"2025-04-15T16:08:58.070Z"}
{"level":"info","message":"Mensaje enviado desde consola f","timestamp":"2025-04-15T16:08:58.227Z"}
{"level":"info","message":"Mensaje enviado desde consola f","timestamp":"2025-04-15T16:08:58.467Z"}
{"level":"info","message":"Mensaje enviado desde consola f","timestamp":"2025-04-15T16:08:58.694Z"}
{"level":"info","message":"Mensaje enviado desde consola f","timestamp":"2025-04-15T16:08:58.895Z"}
{"level":"info","message":"Mensaje enviado desde consola f","timestamp":"2025-04-15T16:08:59.078Z"}
{"level":"info","message":"Mensaje enviado desde consola f","timestamp":"2025-04-15T16:08:59.272Z"}
{"level":"info","message":"Mensaje enviado desde consola ghf","timestamp":"2025-04-15T16:08:59.587Z"}
{"level":"info","message":"Mensaje enviado desde consola gh","timestamp":"2025-04-15T16:08:59.763Z"}
{"level":"info","message":"Mensaje enviado desde consola fgh","timestamp":"2025-04-15T16:08:59.988Z"}
{"level":"info","message":"Mensaje enviado desde consola fg","timestamp":"2025-04-15T16:09:00.208Z"}
{"level":"info","message":"Mensaje enviado desde consola hf","timestamp":"2025-04-15T16:09:00.406Z"}
{"level":"info","message":"Mensaje del cliente recibido fh","timestamp":"2025-04-15T16:09:03.567Z"}
{"level":"info","message":"Mensaje del cliente recibido h","timestamp":"2025-04-15T16:09:04.067Z"}
{"level":"info","message":"Mensaje del cliente recibido s","timestamp":"2025-04-15T16:09:04.367Z"}
{"level":"info","message":"Mensaje del cliente recibido h","timestamp":"2025-04-15T16:09:04.767Z"}
{"level":"info","message":"Mensaje del cliente recibido d","timestamp":"2025-04-15T16:09:05.034Z"}
{"level":"info","message":"Mensaje del cliente recibido j","timestamp":"2025-04-15T16:09:05.301Z"}
{"level":"info","message":"Mensaje del cliente recibido e","timestamp":"2025-04-15T16:09:05.549Z"}
{"level":"info","message":"Mensaje del cliente recibido j","timestamp":"2025-04-15T16:09:05.779Z"}
{"level":"info","message":"Mensaje del cliente recibido f","timestamp":"2025-04-15T16:09:06.045Z"}
{"level":"info","message":"Mensaje del cliente recibido j","timestamp":"2025-04-15T16:09:06.478Z"}
{"level":"info","message":"Mensaje del cliente recibido rie","timestamp":"2025-04-15T16:09:07.160Z"}
{"level":"info","message":"Mensaje enviado desde consola gh","timestamp":"2025-04-15T16:09:55.124Z"}
{"level":"info","message":"Maestro 17632 iniciado","timestamp":"2025-04-15T16:12:40.503Z"}
{"level":"info","message":"Worker 10728 corriendo en http://localhost:3000","timestamp":"2025-04-15T16:12:41.464Z"}
{"level":"info","message":"Worker 5924 corriendo en http://localhost:3000","timestamp":"2025-04-15T16:12:41.464Z"}
{"level":"info","message":"Worker 19992 corriendo en http://localhost:3000","timestamp":"2025-04-15T16:12:41.484Z"}
{"level":"info","message":"Worker 14596 corriendo en http://localhost:3000","timestamp":"2025-04-15T16:12:41.500Z"}
{"level":"info","message":"Worker 5680 corriendo en http://localhost:3000","timestamp":"2025-04-15T16:12:41.533Z"}
{"level":"info","message":"Worker 18508 corriendo en http://localhost:3000","timestamp":"2025-04-15T16:12:41.534Z"}
{"level":"info","message":"Worker 8564 corriendo en http://localhost:3000","timestamp":"2025-04-15T16:12:41.537Z"}
{"level":"info","message":"Worker 22348 corriendo en http://localhost:3000","timestamp":"2025-04-15T16:12:41.538Z"}
{"level":"info","message":"Nuevo cliente conectado","socketId":"bfQEVQZzGCAU1gZoAAAB","timestamp":"2025-04-15T16:12:50.138Z"}
{"level":"info","message":"Mensaje enviado desde consola a","timestamp":"2025-04-15T16:13:05.074Z"}
{"level":"info","message":"Mensaje enviado desde consola a","timestamp":"2025-04-15T16:13:05.314Z"}
{"level":"info","message":"Mensaje enviado desde consola a","timestamp":"2025-04-15T16:13:05.496Z"}
{"level":"info","message":"Mensaje enviado desde consola a","timestamp":"2025-04-15T16:13:05.639Z"}
{"level":"info","message":"Mensaje enviado desde consola a","timestamp":"2025-04-15T16:13:05.766Z"}
{"level":"info","message":"Mensaje enviado desde consola a","timestamp":"2025-04-15T16:13:05.973Z"}
{"level":"info","message":"Mensaje enviado desde consola a","timestamp":"2025-04-15T16:13:06.110Z"}
{"level":"info","message":"Mensaje enviado desde consola a","timestamp":"2025-04-15T16:13:06.283Z"}
{"level":"info","message":"Mensaje enviado desde consola a","timestamp":"2025-04-15T16:13:06.401Z"}
{"level":"info","message":"Mensaje enviado desde consola a","timestamp":"2025-04-15T16:13:06.500Z"}
{"level":"info","message":"Mensaje enviado desde consola a","timestamp":"2025-04-15T16:13:06.701Z"}
{"level":"info","message":"Mensaje enviado desde consola a","timestamp":"2025-04-15T16:13:06.818Z"}
{"level":"info","message":"Mensaje enviado desde consola a","timestamp":"2025-04-15T16:13:06.908Z"}
{"level":"info","message":"Mensaje enviado desde consola a","timestamp":"2025-04-15T16:13:07.097Z"}
{"level":"info","message":"Mensaje enviado desde consola a","timestamp":"2025-04-15T16:13:07.182Z"}
{"level":"info","message":"Mensaje enviado desde consola a","timestamp":"2025-04-15T16:13:07.366Z"}
{"level":"info","message":"Mensaje enviado desde consola a","timestamp":"2025-04-15T16:13:07.459Z"}
{"level":"info","message":"Mensaje enviado desde consola a","timestamp":"2025-04-15T16:13:07.640Z"}
{"level":"info","message":"Mensaje enviado desde consola a","timestamp":"2025-04-15T16:13:07.750Z"}
{"level":"info","message":"Mensaje enviado desde consola a","timestamp":"2025-04-15T16:13:07.915Z"}
{"level":"info","message":"Mensaje enviado desde consola a","timestamp":"2025-04-15T16:13:08.004Z"}
{"level":"info","message":"Mensaje enviado desde consola a","timestamp":"2025-04-15T16:13:08.190Z"}
{"level":"info","message":"Mensaje enviado desde consola a","timestamp":"2025-04-15T16:13:08.285Z"}
{"level":"info","message":"Mensaje enviado desde consola a","timestamp":"2025-04-15T16:13:08.465Z"}
{"level":"info","message":"Mensaje enviado desde consola sa","timestamp":"2025-04-15T16:13:08.725Z"}
{"level":"info","message":"Mensaje enviado desde consola s","timestamp":"2025-04-15T16:13:08.812Z"}
{"level":"info","message":"Mensaje enviado desde consola asa","timestamp":"2025-04-15T16:13:09.075Z"}
{"level":"info","message":"Mensaje enviado desde consola s","timestamp":"2025-04-15T16:13:09.156Z"}
{"level":"info","message":"Mensaje enviado desde consola as","timestamp":"2025-04-15T16:13:09.424Z"}
{"level":"info","message":"Mensaje enviado desde consola a","timestamp":"2025-04-15T16:13:09.502Z"}
{"level":"info","message":"Mensaje enviado desde consola s","timestamp":"2025-04-15T16:13:09.610Z"}
{"level":"info","message":"Mensaje enviado desde consola asa","timestamp":"2025-04-15T16:13:09.934Z"}
{"level":"info","message":"Mensaje enviado desde consola sadasd","timestamp":"2025-04-15T16:13:10.584Z"}
{"level":"info","message":"Mensaje enviado desde consola as","timestamp":"2025-04-15T16:13:10.776Z"}
{"level":"info","message":"Mensaje enviado desde consola d","timestamp":"2025-04-15T16:13:10.864Z"}
{"level":"info","message":"Mensaje enviado desde consola a","timestamp":"2025-04-15T16:13:10.967Z"}
{"level":"info","message":"Mensaje enviado desde consola sda","timestamp":"2025-04-15T16:13:11.179Z"}
{"level":"info","message":"Mensaje enviado desde consola s","timestamp":"2025-04-15T16:13:11.252Z"}
{"level":"info","message":"Mensaje enviado desde consola d","timestamp":"2025-04-15T16:13:11.365Z"}
{"level":"info","message":"Mensaje enviado desde consola a","timestamp":"2025-04-15T16:13:11.538Z"}
{"level":"info","message":"Mensaje enviado desde consola a","timestamp":"2025-04-15T16:13:11.655Z"}
{"level":"info","message":"Mensaje enviado desde consola a","timestamp":"2025-04-15T16:13:11.847Z"}
{"level":"info","message":"Mensaje enviado desde consola asa","timestamp":"2025-04-15T16:13:12.280Z"}
{"level":"info","message":"Mensaje enviado desde consola sas","timestamp":"2025-04-15T16:13:12.677Z"}
{"level":"info","message":"Mensaje enviado desde consola ssa","timestamp":"2025-04-15T16:13:13.160Z"}
{"level":"info","message":"Mensaje enviado desde consola sas","timestamp":"2025-04-15T16:13:13.676Z"}
{"level":"info","message":"Mensaje enviado desde consola as","timestamp":"2025-04-15T16:13:13.878Z"}
{"level":"info","message":"Mensaje enviado desde consola a","timestamp":"2025-04-15T16:13:14.089Z"}
{"level":"info","message":"Mensaje enviado desde consola sa","timestamp":"2025-04-15T16:13:14.293Z"}
{"level":"info","message":"Mensaje enviado desde consola sa","timestamp":"2025-04-15T16:13:14.511Z"}
{"level":"info","message":"Mensaje enviado desde consola sa","timestamp":"2025-04-15T16:13:14.685Z"}
{"level":"info","message":"Mensaje enviado desde consola s","timestamp":"2025-04-15T16:13:14.796Z"}
{"level":"info","message":"Mensaje enviado desde consola a","timestamp":"2025-04-15T16:13:14.912Z"}
{"level":"info","message":"Mensaje enviado desde consola s","timestamp":"2025-04-15T16:13:15.033Z"}
{"level":"info","message":"Mensaje enviado desde consola a","timestamp":"2025-04-15T16:13:15.136Z"}
{"level":"info","message":"Mensaje enviado desde consola s","timestamp":"2025-04-15T16:13:15.244Z"}
{"level":"info","message":"Mensaje enviado desde consola a","timestamp":"2025-04-15T16:13:15.342Z"}
{"level":"info","message":"Mensaje enviado desde consola s","timestamp":"2025-04-15T16:13:15.451Z"}
{"level":"info","message":"Mensaje enviado desde consola a","timestamp":"2025-04-15T16:13:15.549Z"}
{"level":"info","message":"Mensaje enviado desde consola s","timestamp":"2025-04-15T16:13:15.648Z"}
{"level":"info","message":"Mensaje enviado desde consola a","timestamp":"2025-04-15T16:13:15.735Z"}
{"level":"info","message":"Mensaje enviado desde consola s","timestamp":"2025-04-15T16:13:15.835Z"}
{"level":"info","message":"Mensaje enviado desde consola as","timestamp":"2025-04-15T16:13:16.017Z"}
{"level":"info","message":"Mensaje enviado desde consola a","timestamp":"2025-04-15T16:13:16.198Z"}
{"level":"info","message":"Mensaje enviado desde consola s","timestamp":"2025-04-15T16:13:16.296Z"}
{"level":"info","message":"Mensaje enviado desde consola a","timestamp":"2025-04-15T16:13:16.394Z"}
{"level":"info","message":"Mensaje enviado desde consola s","timestamp":"2025-04-15T16:13:16.572Z"}
{"level":"info","message":"Mensaje enviado desde consola a","timestamp":"2025-04-15T16:13:16.665Z"}
{"level":"info","message":"Mensaje enviado desde consola s","timestamp":"2025-04-15T16:13:16.748Z"}
{"level":"info","message":"Mensaje enviado desde consola aaasdasd","timestamp":"2025-04-15T16:13:24.629Z"}
{"level":"info","message":"Mensaje enviado desde consola sfsdfsdfsf","timestamp":"2025-04-15T16:13:27.684Z"}
{"level":"info","message":"Mensaje enviado desde consola asdasda","timestamp":"2025-04-15T16:13:30.076Z"}
{"level":"info","message":"Maestro 14132 iniciado","timestamp":"2025-04-15T16:13:59.055Z"}
{"level":"info","message":"Worker 3652 corriendo en http://localhost:3000","timestamp":"2025-04-15T16:13:59.755Z"}
{"level":"info","message":"Worker 20388 corriendo en http://localhost:3000","timestamp":"2025-04-15T16:13:59.803Z"}
{"level":"info","message":"Worker 21908 corriendo en http://localhost:3000","timestamp":"2025-04-15T16:13:59.829Z"}
{"level":"info","message":"Worker 13348 corriendo en http://localhost:3000","timestamp":"2025-04-15T16:13:59.867Z"}
{"level":"info","message":"Worker 17972 corriendo en http://localhost:3000","timestamp":"2025-04-15T16:13:59.866Z"}
{"level":"info","message":"Worker 13260 corriendo en http://localhost:3000","timestamp":"2025-04-15T16:13:59.878Z"}
{"level":"info","message":"Worker 8760 corriendo en http://localhost:3000","timestamp":"2025-04-15T16:13:59.914Z"}
{"level":"info","message":"Worker 21900 corriendo en http://localhost:3000","timestamp":"2025-04-15T16:13:59.947Z"}
{"level":"info","message":"Mensaje enviado desde consola asdas","timestamp":"2025-04-15T16:14:01.741Z"}
{"level":"info","message":"Mensaje enviado desde consola das","timestamp":"2025-04-15T16:14:02.043Z"}
{"level":"info","message":"Mensaje enviado desde consola das","timestamp":"2025-04-15T16:14:02.308Z"}
{"level":"info","message":"Mensaje enviado desde consola das","timestamp":"2025-04-15T16:14:02.534Z"}
{"level":"info","message":"Mensaje enviado desde consola da","timestamp":"2025-04-15T16:14:02.736Z"}
{"level":"info","message":"Mensaje enviado desde consola sda","timestamp":"2025-04-15T16:14:02.941Z"}
{"level":"info","message":"Mensaje enviado desde consola sd","timestamp":"2025-04-15T16:14:03.099Z"}
{"level":"info","message":"Mensaje enviado desde consola a","timestamp":"2025-04-15T16:14:03.238Z"}
{"level":"info","message":"Mensaje enviado desde consola sd","timestamp":"2025-04-15T16:14:03.384Z"}
{"level":"info","message":"Mensaje enviado desde consola a","timestamp":"2025-04-15T16:14:03.543Z"}
{"level":"info","message":"Mensaje enviado desde consola sdas","timestamp":"2025-04-15T16:14:03.855Z"}
{"level":"info","message":"Mensaje enviado desde consola das","timestamp":"2025-04-15T16:14:04.127Z"}
{"level":"info","message":"Mensaje enviado desde consola da","timestamp":"2025-04-15T16:14:04.324Z"}
{"level":"info","message":"Mensaje enviado desde consola sd","timestamp":"2025-04-15T16:14:04.500Z"}
{"level":"info","message":"Mensaje enviado desde consola asf","timestamp":"2025-04-15T16:14:04.702Z"}
{"level":"info","message":"Mensaje enviado desde consola adfs","timestamp":"2025-04-15T16:14:05.081Z"}
{"level":"info","message":"Nuevo cliente conectado","socketId":"vBXtY7k_vTx8OQDTAAAB","timestamp":"2025-04-15T16:14:05.403Z"}
{"level":"info","message":"Mensaje enviado desde consola asdfadgfa","timestamp":"2025-04-15T16:14:05.723Z"}
{"level":"info","message":"Mensaje enviado desde consola df","timestamp":"2025-04-15T16:14:05.955Z"}
{"level":"info","message":"Mensaje enviado desde consola ad","timestamp":"2025-04-15T16:14:06.170Z"}
{"level":"info","message":"Mensaje enviado desde consola fass","timestamp":"2025-04-15T16:14:06.373Z"}
{"level":"info","message":"Mensaje enviado desde consola dfsf","timestamp":"2025-04-15T16:14:06.752Z"}
{"level":"info","message":"Mensaje enviado desde consola ds","timestamp":"2025-04-15T16:14:06.946Z"}
{"level":"info","message":"Mensaje enviado desde consola g","timestamp":"2025-04-15T16:14:07.184Z"}
{"level":"info","message":"Mensaje enviado desde consola sdf","timestamp":"2025-04-15T16:14:07.400Z"}
{"level":"info","message":"Mensaje enviado desde consola hgdfg","timestamp":"2025-04-15T16:14:07.646Z"}
{"level":"info","message":"Mensaje enviado desde consola hdfgh","timestamp":"2025-04-15T16:14:08.000Z"}
{"level":"info","message":"Mensaje enviado desde consola dfgj","timestamp":"2025-04-15T16:14:08.211Z"}
{"level":"info","message":"Mensaje enviado desde consola fh","timestamp":"2025-04-15T16:14:08.654Z"}
{"level":"info","message":"Mensaje enviado desde consola jfg","timestamp":"2025-04-15T16:14:08.871Z"}
{"level":"info","message":"Mensaje enviado desde consola hj","timestamp":"2025-04-15T16:14:09.080Z"}
{"level":"info","message":"Mensaje enviado desde consola fgj","timestamp":"2025-04-15T16:14:09.289Z"}
{"level":"info","message":"Mensaje enviado desde consola kgf","timestamp":"2025-04-15T16:14:09.504Z"}
{"level":"info","message":"Mensaje enviado desde consola hj","timestamp":"2025-04-15T16:14:09.723Z"}
{"level":"info","message":"Mensaje enviado desde consola d","timestamp":"2025-04-15T16:14:09.903Z"}
{"level":"info","message":"Mensaje enviado desde consola g","timestamp":"2025-04-15T16:14:10.089Z"}
{"level":"info","message":"Mensaje enviado desde consola dg","timestamp":"2025-04-15T16:14:10.281Z"}
{"level":"info","message":"Mensaje enviado desde consola hd","timestamp":"2025-04-15T16:14:10.472Z"}
{"level":"info","message":"Mensaje enviado desde consola gh","timestamp":"2025-04-15T16:14:10.644Z"}
{"level":"info","message":"Mensaje enviado desde consola dfghd","timestamp":"2025-04-15T16:14:11.040Z"}
{"level":"info","message":"Mensaje enviado desde consola g","timestamp":"2025-04-15T16:14:11.205Z"}
{"level":"info","message":"Maestro 20932 iniciado","timestamp":"2025-04-15T16:15:43.869Z"}
{"level":"info","message":"Worker 14212 corriendo en http://localhost:3000","timestamp":"2025-04-15T16:15:44.629Z"}
{"level":"info","message":"Worker 14572 corriendo en http://localhost:3000","timestamp":"2025-04-15T16:15:44.628Z"}
{"level":"info","message":"Worker 25028 corriendo en http://localhost:3000","timestamp":"2025-04-15T16:15:44.678Z"}
{"level":"info","message":"Worker 11316 corriendo en http://localhost:3000","timestamp":"2025-04-15T16:15:44.715Z"}
{"level":"info","message":"Worker 16180 corriendo en http://localhost:3000","timestamp":"2025-04-15T16:15:44.749Z"}
{"level":"info","message":"Worker 15692 corriendo en http://localhost:3000","timestamp":"2025-04-15T16:15:44.758Z"}
{"level":"info","message":"Worker 4452 corriendo en http://localhost:3000","timestamp":"2025-04-15T16:15:44.770Z"}
